This file contains any messages produced by compilers while
running configure, to aid debugging if configure makes a mistake.

It was created by modsecurity configure 2.9, which was
generated by GNU Autoconf 2.69.  Invocation command line was

  $ ./configure --enable-standalone-module --disable-mlogc

## --------- ##
## Platform. ##
## --------- ##

hostname = lytuan
uname -m = x86_64
uname -r = 4.10.0-38-generic
uname -s = Linux
uname -v = #42-Ubuntu SMP Tue Oct 10 13:24:27 UTC 2017

/usr/bin/uname -p = unknown
/bin/uname -X     = unknown

/bin/arch              = unknown
/usr/bin/arch -k       = unknown
/usr/convex/getsysinfo = unknown
/usr/bin/hostinfo      = unknown
/bin/machine           = unknown
/usr/bin/oslevel       = unknown
/bin/universe          = unknown

PATH: /usr/local/sbin
PATH: /usr/local/bin
PATH: /usr/sbin
PATH: /usr/bin
PATH: /sbin
PATH: /bin
PATH: /snap/bin
PATH: /snap/bin


## ----------- ##
## Core tests. ##
## ----------- ##

configure:2616: checking for a BSD-compatible install
configure:2684: result: /usr/bin/install -c
configure:2695: checking whether build environment is sane
configure:2750: result: yes
configure:2901: checking for a thread-safe mkdir -p
configure:2940: result: /bin/mkdir -p
configure:2947: checking for gawk
configure:2977: result: no
configure:2947: checking for mawk
configure:2963: found /usr/bin/mawk
configure:2974: result: mawk
configure:2985: checking whether make sets $(MAKE)
configure:3007: result: yes
configure:3036: checking whether make supports nested variables
configure:3053: result: yes
configure:3191: checking for style of include used by make
configure:3219: result: GNU
configure:3290: checking for gcc
configure:3306: found /usr/bin/gcc
configure:3317: result: gcc
configure:3546: checking for C compiler version
configure:3555: gcc --version >&5
gcc (Ubuntu 6.3.0-12ubuntu2) 6.3.0 20170406
Copyright (C) 2016 Free Software Foundation, Inc.
This is free software; see the source for copying conditions.  There is NO
warranty; not even for MERCHANTABILITY or FITNESS FOR A PARTICULAR PURPOSE.

configure:3566: $? = 0
configure:3555: gcc -v >&5
Using built-in specs.
COLLECT_GCC=gcc
COLLECT_LTO_WRAPPER=/usr/lib/gcc/x86_64-linux-gnu/6/lto-wrapper
Target: x86_64-linux-gnu
Configured with: ../src/configure -v --with-pkgversion='Ubuntu 6.3.0-12ubuntu2' --with-bugurl=file:///usr/share/doc/gcc-6/README.Bugs --enable-languages=c,ada,c++,java,go,d,fortran,objc,obj-c++ --prefix=/usr --program-suffix=-6 --program-prefix=x86_64-linux-gnu- --enable-shared --enable-linker-build-id --libexecdir=/usr/lib --without-included-gettext --enable-threads=posix --libdir=/usr/lib --enable-nls --with-sysroot=/ --enable-clocale=gnu --enable-libstdcxx-debug --enable-libstdcxx-time=yes --with-default-libstdcxx-abi=new --enable-gnu-unique-object --disable-vtable-verify --enable-libmpx --enable-plugin --enable-default-pie --with-system-zlib --disable-browser-plugin --enable-java-awt=gtk --enable-gtk-cairo --with-java-home=/usr/lib/jvm/java-1.5.0-gcj-6-amd64/jre --enable-java-home --with-jvm-root-dir=/usr/lib/jvm/java-1.5.0-gcj-6-amd64 --with-jvm-jar-dir=/usr/lib/jvm-exports/java-1.5.0-gcj-6-amd64 --with-arch-directory=amd64 --with-ecj-jar=/usr/share/java/eclipse-ecj.jar --with-target-system-zlib --enable-objc-gc=auto --enable-multiarch --disable-werror --with-arch-32=i686 --with-abi=m64 --with-multilib-list=m32,m64,mx32 --enable-multilib --with-tune=generic --enable-checking=release --build=x86_64-linux-gnu --host=x86_64-linux-gnu --target=x86_64-linux-gnu
Thread model: posix
gcc version 6.3.0 20170406 (Ubuntu 6.3.0-12ubuntu2) 
configure:3566: $? = 0
configure:3555: gcc -V >&5
gcc: error: unrecognized command line option '-V'
gcc: fatal error: no input files
compilation terminated.
configure:3566: $? = 1
configure:3555: gcc -qversion >&5
gcc: error: unrecognized command line option '-qversion'; did you mean '--version'?
gcc: fatal error: no input files
compilation terminated.
configure:3566: $? = 1
configure:3586: checking whether the C compiler works
configure:3608: gcc    conftest.c  >&5
configure:3612: $? = 0
configure:3660: result: yes
configure:3663: checking for C compiler default output file name
configure:3665: result: a.out
configure:3671: checking for suffix of executables
configure:3678: gcc -o conftest    conftest.c  >&5
configure:3682: $? = 0
configure:3704: result: 
configure:3726: checking whether we are cross compiling
configure:3734: gcc -o conftest    conftest.c  >&5
configure:3738: $? = 0
configure:3745: ./conftest
configure:3749: $? = 0
configure:3764: result: no
configure:3769: checking for suffix of object files
configure:3791: gcc -c   conftest.c >&5
configure:3795: $? = 0
configure:3816: result: o
configure:3820: checking whether we are using the GNU C compiler
configure:3839: gcc -c   conftest.c >&5
configure:3839: $? = 0
configure:3848: result: yes
configure:3857: checking whether gcc accepts -g
configure:3877: gcc -c -g  conftest.c >&5
configure:3877: $? = 0
configure:3918: result: yes
configure:3935: checking for gcc option to accept ISO C89
configure:3998: gcc  -c -g -O2  conftest.c >&5
configure:3998: $? = 0
configure:4011: result: none needed
configure:4036: checking whether gcc understands -c and -o together
configure:4058: gcc -c conftest.c -o conftest2.o
configure:4061: $? = 0
configure:4058: gcc -c conftest.c -o conftest2.o
configure:4061: $? = 0
configure:4073: result: yes
configure:4092: checking dependency style of gcc
configure:4203: result: gcc3
configure:4268: checking for ar
configure:4284: found /usr/bin/ar
configure:4295: result: ar
configure:4321: checking the archiver (ar) interface
configure:4337: gcc -c -g -O2  conftest.c >&5
configure:4337: $? = 0
configure:4339: ar cru libconftest.a conftest.o >&5
ar: `u' modifier ignored since `D' is the default (see `U')
configure:4342: $? = 0
configure:4370: result: ar
configure:4421: checking build system type
configure:4435: result: x86_64-pc-linux-gnu
configure:4455: checking host system type
configure:4468: result: x86_64-pc-linux-gnu
configure:4509: checking how to print strings
configure:4536: result: printf
configure:4557: checking for a sed that does not truncate output
configure:4621: result: /bin/sed
configure:4639: checking for grep that handles long lines and -e
configure:4697: result: /bin/grep
configure:4702: checking for egrep
configure:4764: result: /bin/grep -E
configure:4769: checking for fgrep
configure:4831: result: /bin/grep -F
configure:4866: checking for ld used by gcc
configure:4933: result: /usr/bin/ld
configure:4940: checking if the linker (/usr/bin/ld) is GNU ld
configure:4955: result: yes
configure:4967: checking for BSD- or MS-compatible name lister (nm)
configure:5021: result: /usr/bin/nm -B
configure:5151: checking the name lister (/usr/bin/nm -B) interface
configure:5158: gcc -c -g -O2  conftest.c >&5
configure:5161: /usr/bin/nm -B "conftest.o"
configure:5164: output
0000000000000000 B some_variable
configure:5171: result: BSD nm
configure:5174: checking whether ln -s works
configure:5178: result: yes
configure:5186: checking the maximum length of command line arguments
configure:5317: result: 1572864
configure:5365: checking how to convert x86_64-pc-linux-gnu file names to x86_64-pc-linux-gnu format
configure:5405: result: func_convert_file_noop
configure:5412: checking how to convert x86_64-pc-linux-gnu file names to toolchain format
configure:5432: result: func_convert_file_noop
configure:5439: checking for /usr/bin/ld option to reload object files
configure:5446: result: -r
configure:5520: checking for objdump
configure:5536: found /usr/bin/objdump
configure:5547: result: objdump
configure:5579: checking how to recognize dependent libraries
configure:5779: result: pass_all
configure:5864: checking for dlltool
configure:5894: result: no
configure:5924: checking how to associate runtime and link libraries
configure:5951: result: printf %s\n
configure:6075: checking for archiver @FILE support
configure:6092: gcc -c -g -O2  conftest.c >&5
configure:6092: $? = 0
configure:6095: ar cru libconftest.a @conftest.lst >&5
ar: `u' modifier ignored since `D' is the default (see `U')
configure:6098: $? = 0
configure:6103: ar cru libconftest.a @conftest.lst >&5
ar: `u' modifier ignored since `D' is the default (see `U')
ar: conftest.o: No such file or directory
configure:6106: $? = 1
configure:6118: result: @
configure:6176: checking for strip
configure:6192: found /usr/bin/strip
configure:6203: result: strip
configure:6275: checking for ranlib
configure:6291: found /usr/bin/ranlib
configure:6302: result: ranlib
configure:6404: checking command to parse /usr/bin/nm -B output from gcc object
configure:6557: gcc -c -g -O2  conftest.c >&5
configure:6560: $? = 0
configure:6564: /usr/bin/nm -B conftest.o \| sed -n -e 's/^.*[ ]\([ABCDGIRSTW][ABCDGIRSTW]*\)[ ][ ]*\([_A-Za-z][_A-Za-z0-9]*\)$/\1 \2 \2/p' | sed '/ __gnu_lto/d' \> conftest.nm
configure:6567: $? = 0
configure:6633: gcc -o conftest -g -O2   conftest.c conftstm.o >&5
configure:6636: $? = 0
configure:6674: result: ok
configure:6721: checking for sysroot
configure:6751: result: no
configure:6758: checking for a working dd
configure:6796: result: /bin/dd
configure:6800: checking how to truncate binary pipes
configure:6815: result: /bin/dd bs=4096 count=1
configure:6951: gcc -c -g -O2  conftest.c >&5
configure:6954: $? = 0
configure:7144: checking for mt
configure:7160: found /bin/mt
configure:7171: result: mt
configure:7194: checking if mt is a manifest tool
configure:7200: mt '-?'
configure:7208: result: no
configure:7885: checking how to run the C preprocessor
configure:7916: gcc -E  conftest.c
configure:7916: $? = 0
configure:7930: gcc -E  conftest.c
conftest.c:11:28: fatal error: ac_nonexistent.h: No such file or directory
 #include <ac_nonexistent.h>
                            ^
compilation terminated.
configure:7930: $? = 1
configure: failed program was:
| /* confdefs.h */
| #define PACKAGE_NAME "modsecurity"
| #define PACKAGE_TARNAME "modsecurity"
| #define PACKAGE_VERSION "2.9"
| #define PACKAGE_STRING "modsecurity 2.9"
| #define PACKAGE_BUGREPORT "support@modsecurity.org"
| #define PACKAGE_URL ""
| #define PACKAGE "modsecurity"
| #define VERSION "2.9"
| /* end confdefs.h.  */
| #include <ac_nonexistent.h>
configure:7955: result: gcc -E
configure:7975: gcc -E  conftest.c
configure:7975: $? = 0
configure:7989: gcc -E  conftest.c
conftest.c:11:28: fatal error: ac_nonexistent.h: No such file or directory
 #include <ac_nonexistent.h>
                            ^
compilation terminated.
configure:7989: $? = 1
configure: failed program was:
| /* confdefs.h */
| #define PACKAGE_NAME "modsecurity"
| #define PACKAGE_TARNAME "modsecurity"
| #define PACKAGE_VERSION "2.9"
| #define PACKAGE_STRING "modsecurity 2.9"
| #define PACKAGE_BUGREPORT "support@modsecurity.org"
| #define PACKAGE_URL ""
| #define PACKAGE "modsecurity"
| #define VERSION "2.9"
| /* end confdefs.h.  */
| #include <ac_nonexistent.h>
configure:8018: checking for ANSI C header files
configure:8038: gcc -c -g -O2  conftest.c >&5
configure:8038: $? = 0
configure:8111: gcc -o conftest -g -O2   conftest.c  >&5
configure:8111: $? = 0
configure:8111: ./conftest
configure:8111: $? = 0
configure:8122: result: yes
configure:8135: checking for sys/types.h
configure:8135: gcc -c -g -O2  conftest.c >&5
configure:8135: $? = 0
configure:8135: result: yes
configure:8135: checking for sys/stat.h
configure:8135: gcc -c -g -O2  conftest.c >&5
configure:8135: $? = 0
configure:8135: result: yes
configure:8135: checking for stdlib.h
configure:8135: gcc -c -g -O2  conftest.c >&5
configure:8135: $? = 0
configure:8135: result: yes
configure:8135: checking for string.h
configure:8135: gcc -c -g -O2  conftest.c >&5
configure:8135: $? = 0
configure:8135: result: yes
configure:8135: checking for memory.h
configure:8135: gcc -c -g -O2  conftest.c >&5
configure:8135: $? = 0
configure:8135: result: yes
configure:8135: checking for strings.h
configure:8135: gcc -c -g -O2  conftest.c >&5
configure:8135: $? = 0
configure:8135: result: yes
configure:8135: checking for inttypes.h
configure:8135: gcc -c -g -O2  conftest.c >&5
configure:8135: $? = 0
configure:8135: result: yes
configure:8135: checking for stdint.h
configure:8135: gcc -c -g -O2  conftest.c >&5
configure:8135: $? = 0
configure:8135: result: yes
configure:8135: checking for unistd.h
configure:8135: gcc -c -g -O2  conftest.c >&5
configure:8135: $? = 0
configure:8135: result: yes
configure:8149: checking for dlfcn.h
configure:8149: gcc -c -g -O2  conftest.c >&5
configure:8149: $? = 0
configure:8149: result: yes
configure:8404: checking for objdir
configure:8419: result: .libs
configure:8683: checking if gcc supports -fno-rtti -fno-exceptions
configure:8701: gcc -c -g -O2  -fno-rtti -fno-exceptions conftest.c >&5
cc1: warning: command line option '-fno-rtti' is valid for C++/ObjC++ but not for C
configure:8705: $? = 0
configure:8718: result: no
configure:9076: checking for gcc option to produce PIC
configure:9083: result: -fPIC -DPIC
configure:9091: checking if gcc PIC flag -fPIC -DPIC works
configure:9109: gcc -c -g -O2  -fPIC -DPIC -DPIC conftest.c >&5
configure:9113: $? = 0
configure:9126: result: yes
configure:9155: checking if gcc static flag -static works
configure:9183: result: yes
configure:9198: checking if gcc supports -c -o file.o
configure:9219: gcc -c -g -O2  -o out/conftest2.o conftest.c >&5
configure:9223: $? = 0
configure:9245: result: yes
configure:9253: checking if gcc supports -c -o file.o
configure:9300: result: yes
configure:9333: checking whether the gcc linker (/usr/bin/ld -m elf_x86_64) supports shared libraries
configure:10596: result: yes
configure:10633: checking whether -lc should be explicitly linked in
configure:10641: gcc -c -g -O2  conftest.c >&5
configure:10644: $? = 0
configure:10659: gcc -shared  -fPIC -DPIC conftest.o  -v -Wl,-soname -Wl,conftest -o conftest 2\>\&1 \| /bin/grep  -lc  \>/dev/null 2\>\&1
configure:10662: $? = 0
configure:10676: result: no
configure:10836: checking dynamic linker characteristics
configure:11417: gcc -o conftest -g -O2   -Wl,-rpath -Wl,/foo conftest.c  >&5
configure:11417: $? = 0
configure:11666: result: GNU/Linux ld.so
configure:11788: checking how to hardcode library paths into programs
configure:11813: result: immediate
configure:11915: checking for shl_load
configure:11915: gcc -o conftest -g -O2   conftest.c  >&5
/tmp/ccqzVMqa.o: In function `main':
/usr/src/serverside/conftest.c:57: undefined reference to `shl_load'
collect2: error: ld returned 1 exit status
configure:11915: $? = 1
configure: failed program was:
| /* confdefs.h */
| #define PACKAGE_NAME "modsecurity"
| #define PACKAGE_TARNAME "modsecurity"
| #define PACKAGE_VERSION "2.9"
| #define PACKAGE_STRING "modsecurity 2.9"
| #define PACKAGE_BUGREPORT "support@modsecurity.org"
| #define PACKAGE_URL ""
| #define PACKAGE "modsecurity"
| #define VERSION "2.9"
| #define STDC_HEADERS 1
| #define HAVE_SYS_TYPES_H 1
| #define HAVE_SYS_STAT_H 1
| #define HAVE_STDLIB_H 1
| #define HAVE_STRING_H 1
| #define HAVE_MEMORY_H 1
| #define HAVE_STRINGS_H 1
| #define HAVE_INTTYPES_H 1
| #define HAVE_STDINT_H 1
| #define HAVE_UNISTD_H 1
| #define HAVE_DLFCN_H 1
| #define LT_OBJDIR ".libs/"
| /* end confdefs.h.  */
| /* Define shl_load to an innocuous variant, in case <limits.h> declares shl_load.
|    For example, HP-UX 11i <limits.h> declares gettimeofday.  */
| #define shl_load innocuous_shl_load
| 
| /* System header to define __stub macros and hopefully few prototypes,
|     which can conflict with char shl_load (); below.
|     Prefer <limits.h> to <assert.h> if __STDC__ is defined, since
|     <limits.h> exists even on freestanding compilers.  */
| 
| #ifdef __STDC__
| # include <limits.h>
| #else
| # include <assert.h>
| #endif
| 
| #undef shl_load
| 
| /* Override any GCC internal prototype to avoid an error.
|    Use char because int might match the return type of a GCC
|    builtin and then its argument prototype would still apply.  */
| #ifdef __cplusplus
| extern "C"
| #endif
| char shl_load ();
| /* The GNU C library defines this for functions which it implements
|     to always fail with ENOSYS.  Some functions are actually named
|     something starting with __ and the normal name is an alias.  */
| #if defined __stub_shl_load || defined __stub___shl_load
| choke me
| #endif
| 
| int
| main ()
| {
| return shl_load ();
|   ;
|   return 0;
| }
configure:11915: result: no
configure:11919: checking for shl_load in -ldld
configure:11944: gcc -o conftest -g -O2   conftest.c -ldld   >&5
/usr/bin/ld: cannot find -ldld
collect2: error: ld returned 1 exit status
configure:11944: $? = 1
configure: failed program was:
| /* confdefs.h */
| #define PACKAGE_NAME "modsecurity"
| #define PACKAGE_TARNAME "modsecurity"
| #define PACKAGE_VERSION "2.9"
| #define PACKAGE_STRING "modsecurity 2.9"
| #define PACKAGE_BUGREPORT "support@modsecurity.org"
| #define PACKAGE_URL ""
| #define PACKAGE "modsecurity"
| #define VERSION "2.9"
| #define STDC_HEADERS 1
| #define HAVE_SYS_TYPES_H 1
| #define HAVE_SYS_STAT_H 1
| #define HAVE_STDLIB_H 1
| #define HAVE_STRING_H 1
| #define HAVE_MEMORY_H 1
| #define HAVE_STRINGS_H 1
| #define HAVE_INTTYPES_H 1
| #define HAVE_STDINT_H 1
| #define HAVE_UNISTD_H 1
| #define HAVE_DLFCN_H 1
| #define LT_OBJDIR ".libs/"
| /* end confdefs.h.  */
| 
| /* Override any GCC internal prototype to avoid an error.
|    Use char because int might match the return type of a GCC
|    builtin and then its argument prototype would still apply.  */
| #ifdef __cplusplus
| extern "C"
| #endif
| char shl_load ();
| int
| main ()
| {
| return shl_load ();
|   ;
|   return 0;
| }
configure:11953: result: no
configure:11958: checking for dlopen
configure:11958: gcc -o conftest -g -O2   conftest.c  >&5
/tmp/ccFYumJA.o: In function `main':
/usr/src/serverside/conftest.c:57: undefined reference to `dlopen'
collect2: error: ld returned 1 exit status
configure:11958: $? = 1
configure: failed program was:
| /* confdefs.h */
| #define PACKAGE_NAME "modsecurity"
| #define PACKAGE_TARNAME "modsecurity"
| #define PACKAGE_VERSION "2.9"
| #define PACKAGE_STRING "modsecurity 2.9"
| #define PACKAGE_BUGREPORT "support@modsecurity.org"
| #define PACKAGE_URL ""
| #define PACKAGE "modsecurity"
| #define VERSION "2.9"
| #define STDC_HEADERS 1
| #define HAVE_SYS_TYPES_H 1
| #define HAVE_SYS_STAT_H 1
| #define HAVE_STDLIB_H 1
| #define HAVE_STRING_H 1
| #define HAVE_MEMORY_H 1
| #define HAVE_STRINGS_H 1
| #define HAVE_INTTYPES_H 1
| #define HAVE_STDINT_H 1
| #define HAVE_UNISTD_H 1
| #define HAVE_DLFCN_H 1
| #define LT_OBJDIR ".libs/"
| /* end confdefs.h.  */
| /* Define dlopen to an innocuous variant, in case <limits.h> declares dlopen.
|    For example, HP-UX 11i <limits.h> declares gettimeofday.  */
| #define dlopen innocuous_dlopen
| 
| /* System header to define __stub macros and hopefully few prototypes,
|     which can conflict with char dlopen (); below.
|     Prefer <limits.h> to <assert.h> if __STDC__ is defined, since
|     <limits.h> exists even on freestanding compilers.  */
| 
| #ifdef __STDC__
| # include <limits.h>
| #else
| # include <assert.h>
| #endif
| 
| #undef dlopen
| 
| /* Override any GCC internal prototype to avoid an error.
|    Use char because int might match the return type of a GCC
|    builtin and then its argument prototype would still apply.  */
| #ifdef __cplusplus
| extern "C"
| #endif
| char dlopen ();
| /* The GNU C library defines this for functions which it implements
|     to always fail with ENOSYS.  Some functions are actually named
|     something starting with __ and the normal name is an alias.  */
| #if defined __stub_dlopen || defined __stub___dlopen
| choke me
| #endif
| 
| int
| main ()
| {
| return dlopen ();
|   ;
|   return 0;
| }
configure:11958: result: no
configure:11962: checking for dlopen in -ldl
configure:11987: gcc -o conftest -g -O2   conftest.c -ldl   >&5
configure:11987: $? = 0
configure:11996: result: yes
configure:12115: checking whether a program can dlopen itself
configure:12195: gcc -o conftest -g -O2  -DHAVE_DLFCN_H  -Wl,--export-dynamic conftest.c -ldl  >&5
configure:12198: $? = 0
configure:12216: result: yes
configure:12221: checking whether a statically linked program can dlopen itself
configure:12301: gcc -o conftest -g -O2  -DHAVE_DLFCN_H  -Wl,--export-dynamic -static conftest.c -ldl  >&5
/tmp/ccT7CUc2.o: In function `main':
/usr/src/serverside/configure:12280: warning: Using 'dlopen' in statically linked applications requires at runtime the shared libraries from the glibc version used for linking
/usr/bin/ld: dynamic STT_GNU_IFUNC symbol `strcmp' with pointer equality in `/usr/lib/gcc/x86_64-linux-gnu/6/../../../x86_64-linux-gnu/libc.a(strcmp.o)' can not be used when making an executable; recompile with -fPIE and relink with -pie
collect2: error: ld returned 1 exit status
configure:12304: $? = 1
configure:12322: result: no
configure:12361: checking whether stripping libraries is possible
configure:12366: result: yes
configure:12401: checking if libtool supports shared libraries
configure:12403: result: yes
configure:12406: checking whether to build shared libraries
configure:12431: result: yes
configure:12434: checking whether to build static libraries
configure:12438: result: yes
configure:12481: checking for gawk
configure:12508: result: mawk
configure:12567: checking for gcc
configure:12594: result: gcc
configure:12823: checking for C compiler version
configure:12832: gcc --version >&5
gcc (Ubuntu 6.3.0-12ubuntu2) 6.3.0 20170406
Copyright (C) 2016 Free Software Foundation, Inc.
This is free software; see the source for copying conditions.  There is NO
warranty; not even for MERCHANTABILITY or FITNESS FOR A PARTICULAR PURPOSE.

configure:12843: $? = 0
configure:12832: gcc -v >&5
Using built-in specs.
COLLECT_GCC=gcc
COLLECT_LTO_WRAPPER=/usr/lib/gcc/x86_64-linux-gnu/6/lto-wrapper
Target: x86_64-linux-gnu
Configured with: ../src/configure -v --with-pkgversion='Ubuntu 6.3.0-12ubuntu2' --with-bugurl=file:///usr/share/doc/gcc-6/README.Bugs --enable-languages=c,ada,c++,java,go,d,fortran,objc,obj-c++ --prefix=/usr --program-suffix=-6 --program-prefix=x86_64-linux-gnu- --enable-shared --enable-linker-build-id --libexecdir=/usr/lib --without-included-gettext --enable-threads=posix --libdir=/usr/lib --enable-nls --with-sysroot=/ --enable-clocale=gnu --enable-libstdcxx-debug --enable-libstdcxx-time=yes --with-default-libstdcxx-abi=new --enable-gnu-unique-object --disable-vtable-verify --enable-libmpx --enable-plugin --enable-default-pie --with-system-zlib --disable-browser-plugin --enable-java-awt=gtk --enable-gtk-cairo --with-java-home=/usr/lib/jvm/java-1.5.0-gcj-6-amd64/jre --enable-java-home --with-jvm-root-dir=/usr/lib/jvm/java-1.5.0-gcj-6-amd64 --with-jvm-jar-dir=/usr/lib/jvm-exports/java-1.5.0-gcj-6-amd64 --with-arch-directory=amd64 --with-ecj-jar=/usr/share/java/eclipse-ecj.jar --with-target-system-zlib --enable-objc-gc=auto --enable-multiarch --disable-werror --with-arch-32=i686 --with-abi=m64 --with-multilib-list=m32,m64,mx32 --enable-multilib --with-tune=generic --enable-checking=release --build=x86_64-linux-gnu --host=x86_64-linux-gnu --target=x86_64-linux-gnu
Thread model: posix
gcc version 6.3.0 20170406 (Ubuntu 6.3.0-12ubuntu2) 
configure:12843: $? = 0
configure:12832: gcc -V >&5
gcc: error: unrecognized command line option '-V'
gcc: fatal error: no input files
compilation terminated.
configure:12843: $? = 1
configure:12832: gcc -qversion >&5
gcc: error: unrecognized command line option '-qversion'; did you mean '--version'?
gcc: fatal error: no input files
compilation terminated.
configure:12843: $? = 1
configure:12847: checking whether we are using the GNU C compiler
configure:12875: result: yes
configure:12884: checking whether gcc accepts -g
configure:12945: result: yes
configure:12962: checking for gcc option to accept ISO C89
configure:13038: result: none needed
configure:13063: checking whether gcc understands -c and -o together
configure:13100: result: yes
configure:13119: checking dependency style of gcc
configure:13230: result: gcc3
configure:13250: checking how to run the C preprocessor
configure:13320: result: gcc -E
configure:13340: gcc -E  conftest.c
configure:13340: $? = 0
configure:13354: gcc -E  conftest.c
conftest.c:23:28: fatal error: ac_nonexistent.h: No such file or directory
 #include <ac_nonexistent.h>
                            ^
compilation terminated.
configure:13354: $? = 1
configure: failed program was:
| /* confdefs.h */
| #define PACKAGE_NAME "modsecurity"
| #define PACKAGE_TARNAME "modsecurity"
| #define PACKAGE_VERSION "2.9"
| #define PACKAGE_STRING "modsecurity 2.9"
| #define PACKAGE_BUGREPORT "support@modsecurity.org"
| #define PACKAGE_URL ""
| #define PACKAGE "modsecurity"
| #define VERSION "2.9"
| #define STDC_HEADERS 1
| #define HAVE_SYS_TYPES_H 1
| #define HAVE_SYS_STAT_H 1
| #define HAVE_STDLIB_H 1
| #define HAVE_STRING_H 1
| #define HAVE_MEMORY_H 1
| #define HAVE_STRINGS_H 1
| #define HAVE_INTTYPES_H 1
| #define HAVE_STDINT_H 1
| #define HAVE_UNISTD_H 1
| #define HAVE_DLFCN_H 1
| #define LT_OBJDIR ".libs/"
| /* end confdefs.h.  */
| #include <ac_nonexistent.h>
configure:13383: checking whether ln -s works
configure:13387: result: yes
configure:13394: checking whether make sets $(MAKE)
configure:13416: result: yes
configure:13425: checking for grep that handles long lines and -e
configure:13483: result: /bin/grep
configure:13492: checking for perl
configure:13510: found /usr/bin/perl
configure:13522: result: /usr/bin/perl
configure:13537: checking for env
configure:13555: found /usr/bin/env
configure:13567: result: /usr/bin/env
configure:13580: checking for ANSI C header files
configure:13684: result: yes
configure:13695: checking fcntl.h usability
configure:13695: gcc -c -g -O2  conftest.c >&5
configure:13695: $? = 0
configure:13695: result: yes
configure:13695: checking fcntl.h presence
configure:13695: gcc -E  conftest.c
configure:13695: $? = 0
configure:13695: result: yes
configure:13695: checking for fcntl.h
configure:13695: result: yes
configure:13695: checking limits.h usability
configure:13695: gcc -c -g -O2  conftest.c >&5
configure:13695: $? = 0
configure:13695: result: yes
configure:13695: checking limits.h presence
configure:13695: gcc -E  conftest.c
configure:13695: $? = 0
configure:13695: result: yes
configure:13695: checking for limits.h
configure:13695: result: yes
configure:13695: checking for stdlib.h
configure:13695: result: yes
configure:13695: checking for string.h
configure:13695: result: yes
configure:13695: checking for unistd.h
configure:13695: result: yes
configure:13695: checking for sys/types.h
configure:13695: result: yes
configure:13695: checking for sys/stat.h
configure:13695: result: yes
configure:13695: checking sys/utsname.h usability
configure:13695: gcc -c -g -O2  conftest.c >&5
configure:13695: $? = 0
configure:13695: result: yes
configure:13695: checking sys/utsname.h presence
configure:13695: gcc -E  conftest.c
configure:13695: $? = 0
configure:13695: result: yes
configure:13695: checking for sys/utsname.h
configure:13695: result: yes
configure:13707: checking for an ANSI C-conforming const
configure:13773: gcc -c -g -O2  conftest.c >&5
configure:13773: $? = 0
configure:13780: result: yes
configure:13788: checking for inline
configure:13804: gcc -c -g -O2  conftest.c >&5
configure:13804: $? = 0
configure:13812: result: inline
configure:13830: checking for C/C++ restrict keyword
configure:13855: gcc -c -g -O2  conftest.c >&5
configure:13855: $? = 0
configure:13863: result: __restrict
configure:13876: checking for pid_t
configure:13876: gcc -c -g -O2  conftest.c >&5
configure:13876: $? = 0
configure:13876: gcc -c -g -O2  conftest.c >&5
conftest.c: In function 'main':
conftest.c:69:20: error: expected expression before ')' token
 if (sizeof ((pid_t)))
                    ^
configure:13876: $? = 1
configure: failed program was:
| /* confdefs.h */
| #define PACKAGE_NAME "modsecurity"
| #define PACKAGE_TARNAME "modsecurity"
| #define PACKAGE_VERSION "2.9"
| #define PACKAGE_STRING "modsecurity 2.9"
| #define PACKAGE_BUGREPORT "support@modsecurity.org"
| #define PACKAGE_URL ""
| #define PACKAGE "modsecurity"
| #define VERSION "2.9"
| #define STDC_HEADERS 1
| #define HAVE_SYS_TYPES_H 1
| #define HAVE_SYS_STAT_H 1
| #define HAVE_STDLIB_H 1
| #define HAVE_STRING_H 1
| #define HAVE_MEMORY_H 1
| #define HAVE_STRINGS_H 1
| #define HAVE_INTTYPES_H 1
| #define HAVE_STDINT_H 1
| #define HAVE_UNISTD_H 1
| #define HAVE_DLFCN_H 1
| #define LT_OBJDIR ".libs/"
| #define STDC_HEADERS 1
| #define HAVE_FCNTL_H 1
| #define HAVE_LIMITS_H 1
| #define HAVE_STDLIB_H 1
| #define HAVE_STRING_H 1
| #define HAVE_UNISTD_H 1
| #define HAVE_SYS_TYPES_H 1
| #define HAVE_SYS_STAT_H 1
| #define HAVE_SYS_UTSNAME_H 1
| #define restrict __restrict
| /* end confdefs.h.  */
| #include <stdio.h>
| #ifdef HAVE_SYS_TYPES_H
| # include <sys/types.h>
| #endif
| #ifdef HAVE_SYS_STAT_H
| # include <sys/stat.h>
| #endif
| #ifdef STDC_HEADERS
| # include <stdlib.h>
| # include <stddef.h>
| #else
| # ifdef HAVE_STDLIB_H
| #  include <stdlib.h>
| # endif
| #endif
| #ifdef HAVE_STRING_H
| # if !defined STDC_HEADERS && defined HAVE_MEMORY_H
| #  include <memory.h>
| # endif
| # include <string.h>
| #endif
| #ifdef HAVE_STRINGS_H
| # include <strings.h>
| #endif
| #ifdef HAVE_INTTYPES_H
| # include <inttypes.h>
| #endif
| #ifdef HAVE_STDINT_H
| # include <stdint.h>
| #endif
| #ifdef HAVE_UNISTD_H
| # include <unistd.h>
| #endif
| int
| main ()
| {
| if (sizeof ((pid_t)))
| 	    return 0;
|   ;
|   return 0;
| }
configure:13876: result: yes
configure:13887: checking for size_t
configure:13887: gcc -c -g -O2  conftest.c >&5
configure:13887: $? = 0
configure:13887: gcc -c -g -O2  conftest.c >&5
conftest.c: In function 'main':
conftest.c:69:21: error: expected expression before ')' token
 if (sizeof ((size_t)))
                     ^
configure:13887: $? = 1
configure: failed program was:
| /* confdefs.h */
| #define PACKAGE_NAME "modsecurity"
| #define PACKAGE_TARNAME "modsecurity"
| #define PACKAGE_VERSION "2.9"
| #define PACKAGE_STRING "modsecurity 2.9"
| #define PACKAGE_BUGREPORT "support@modsecurity.org"
| #define PACKAGE_URL ""
| #define PACKAGE "modsecurity"
| #define VERSION "2.9"
| #define STDC_HEADERS 1
| #define HAVE_SYS_TYPES_H 1
| #define HAVE_SYS_STAT_H 1
| #define HAVE_STDLIB_H 1
| #define HAVE_STRING_H 1
| #define HAVE_MEMORY_H 1
| #define HAVE_STRINGS_H 1
| #define HAVE_INTTYPES_H 1
| #define HAVE_STDINT_H 1
| #define HAVE_UNISTD_H 1
| #define HAVE_DLFCN_H 1
| #define LT_OBJDIR ".libs/"
| #define STDC_HEADERS 1
| #define HAVE_FCNTL_H 1
| #define HAVE_LIMITS_H 1
| #define HAVE_STDLIB_H 1
| #define HAVE_STRING_H 1
| #define HAVE_UNISTD_H 1
| #define HAVE_SYS_TYPES_H 1
| #define HAVE_SYS_STAT_H 1
| #define HAVE_SYS_UTSNAME_H 1
| #define restrict __restrict
| /* end confdefs.h.  */
| #include <stdio.h>
| #ifdef HAVE_SYS_TYPES_H
| # include <sys/types.h>
| #endif
| #ifdef HAVE_SYS_STAT_H
| # include <sys/stat.h>
| #endif
| #ifdef STDC_HEADERS
| # include <stdlib.h>
| # include <stddef.h>
| #else
| # ifdef HAVE_STDLIB_H
| #  include <stdlib.h>
| # endif
| #endif
| #ifdef HAVE_STRING_H
| # if !defined STDC_HEADERS && defined HAVE_MEMORY_H
| #  include <memory.h>
| # endif
| # include <string.h>
| #endif
| #ifdef HAVE_STRINGS_H
| # include <strings.h>
| #endif
| #ifdef HAVE_INTTYPES_H
| # include <inttypes.h>
| #endif
| #ifdef HAVE_STDINT_H
| # include <stdint.h>
| #endif
| #ifdef HAVE_UNISTD_H
| # include <unistd.h>
| #endif
| int
| main ()
| {
| if (sizeof ((size_t)))
| 	    return 0;
|   ;
|   return 0;
| }
configure:13887: result: yes
configure:13898: checking whether struct tm is in sys/time.h or time.h
configure:13918: gcc -c -g -O2  conftest.c >&5
configure:13918: $? = 0
configure:13925: result: time.h
configure:13933: checking for uint8_t
configure:13933: gcc -c -g -O2  conftest.c >&5
configure:13933: $? = 0
configure:13933: result: yes
configure:13951: checking for stdlib.h
configure:13951: result: yes
configure:13961: checking for GNU libc compatible malloc
configure:13985: gcc -o conftest -g -O2   conftest.c  >&5
configure:13985: $? = 0
configure:13985: ./conftest
configure:13985: $? = 0
configure:13995: result: yes
configure:14016: checking for working memcmp
configure:14059: gcc -o conftest -g -O2   conftest.c  >&5
configure:14059: $? = 0
configure:14059: ./conftest
configure:14059: $? = 0
configure:14069: result: yes
configure:14081: checking for atexit
configure:14081: gcc -o conftest -g -O2   conftest.c  >&5
configure:14081: $? = 0
configure:14081: result: yes
configure:14081: checking for getcwd
configure:14081: gcc -o conftest -g -O2   conftest.c  >&5
configure:14081: $? = 0
configure:14081: result: yes
configure:14081: checking for memmove
configure:14081: gcc -o conftest -g -O2   conftest.c  >&5
conftest.c:60:6: warning: conflicting types for built-in function 'memmove'
 char memmove ();
      ^~~~~~~
configure:14081: $? = 0
configure:14081: result: yes
configure:14081: checking for memset
configure:14081: gcc -o conftest -g -O2   conftest.c  >&5
conftest.c:61:6: warning: conflicting types for built-in function 'memset'
 char memset ();
      ^~~~~~
configure:14081: $? = 0
configure:14081: result: yes
configure:14081: checking for strcasecmp
configure:14081: gcc -o conftest -g -O2   conftest.c  >&5
conftest.c:62:6: warning: conflicting types for built-in function 'strcasecmp'
 char strcasecmp ();
      ^~~~~~~~~~
configure:14081: $? = 0
configure:14081: result: yes
configure:14081: checking for strchr
configure:14081: gcc -o conftest -g -O2   conftest.c  >&5
conftest.c:63:6: warning: conflicting types for built-in function 'strchr'
 char strchr ();
      ^~~~~~
configure:14081: $? = 0
configure:14081: result: yes
configure:14081: checking for strdup
configure:14081: gcc -o conftest -g -O2   conftest.c  >&5
conftest.c:64:6: warning: conflicting types for built-in function 'strdup'
 char strdup ();
      ^~~~~~
configure:14081: $? = 0
configure:14081: result: yes
configure:14081: checking for strerror
configure:14081: gcc -o conftest -g -O2   conftest.c  >&5
configure:14081: $? = 0
configure:14081: result: yes
configure:14081: checking for strncasecmp
configure:14081: gcc -o conftest -g -O2   conftest.c  >&5
conftest.c:66:6: warning: conflicting types for built-in function 'strncasecmp'
 char strncasecmp ();
      ^~~~~~~~~~~
configure:14081: $? = 0
configure:14081: result: yes
configure:14081: checking for strrchr
configure:14081: gcc -o conftest -g -O2   conftest.c  >&5
conftest.c:67:6: warning: conflicting types for built-in function 'strrchr'
 char strrchr ();
      ^~~~~~~
configure:14081: $? = 0
configure:14081: result: yes
configure:14081: checking for strstr
configure:14081: gcc -o conftest -g -O2   conftest.c  >&5
conftest.c:68:6: warning: conflicting types for built-in function 'strstr'
 char strstr ();
      ^~~~~~
configure:14081: $? = 0
configure:14081: result: yes
configure:14081: checking for strtol
configure:14081: gcc -o conftest -g -O2   conftest.c  >&5
configure:14081: $? = 0
configure:14081: result: yes
configure:14081: checking for fchmod
configure:14081: gcc -o conftest -g -O2   conftest.c  >&5
configure:14081: $? = 0
configure:14081: result: yes
configure:14081: checking for strcasestr
configure:14081: gcc -o conftest -g -O2   conftest.c  >&5
configure:14081: $? = 0
configure:14081: result: yes
configure:14387: checking for libcurl config script
configure:14417: result: /usr/bin/curl-config
configure:14430: checking if libcurl is at least v
configure:14435: result: yes, 7.52.1
configure:14449: checking if libcurl is linked with gnutls
configure:14459: result: no
configure:14483: using curl v7.52.1
configure:15058: looking for Apache module support via DSO through APXS
configure:15099: found apxs at /usr/bin/apxs2
configure:15101: checking httpd version
configure:15113: httpd is recent enough
configure:15255: checking for libpcre config script
configure:15291: result: /usr/bin/pcre-config
configure:15323: using pcre v8.39
configure:15339: checking for libapr config script
configure:15369: result: /usr/bin/apr-1-config
configure:15411: using apr v1.5.2
configure:15426: checking for libapu config script
configure:15456: result: /usr/bin/apu-1-config
configure:15495: using apu v1.5.4
configure:15511: checking for libxml2 config script
configure:15541: result: /usr/bin/xml2-config
configure:15553: checking if libxml2 is at least v2.6.29
configure:15558: result: yes, 2.9.4
configure:15583: using libxml2 v2.9.4
configure:15642: checking for pkg-config
configure:15660: found /usr/bin/pkg-config
configure:15672: result: /usr/bin/pkg-config
configure:15697: checking pkg-config is at least version 0.9.0
configure:15700: result: yes
configure:15741: checking for liblua config script
configure:15792: result: no
configure:15795: checking for lua install
configure:15890: result: no
configure:15903: optional lua library not found
configure:15950: checking for libyajl config script
configure:15985: result: /usr/bin/pkg-config
configure:16071: using yajl v2.1.1
configure:16103: checking for ssdeep path
configure:16130: result: no
configure:16134: optional ssdeep library not found
configure:16171: gcc -c -g -O2  -I/usr/include/apr-1.0     -DLINUX -D_REENTRANT -D_GNU_SOURCE conftest.c >&5
configure:16171: $? = 0
configure:16362: checking that generated files are newer than configure
configure:16368: result: done
configure:16455: creating ./config.status

## ---------------------- ##
## Running config.status. ##
## ---------------------- ##

This file was extended by modsecurity config.status 2.9, which was
generated by GNU Autoconf 2.69.  Invocation command line was

  CONFIG_FILES    = 
  CONFIG_HEADERS  = 
  CONFIG_LINKS    = 
  CONFIG_COMMANDS = 
  $ ./config.status 

on lytuan

config.status:1247: creating Makefile
config.status:1247: creating tools/Makefile
config.status:1247: creating apache2/Makefile
config.status:1247: creating standalone/Makefile
config.status:1247: creating nginx/modsecurity/config
config.status:1247: creating build/apxs-wrapper
config.status:1247: creating tests/run-unit-tests.pl
config.status:1247: creating tests/run-regression-tests.pl
config.status:1247: creating tests/gen_rx-pm.pl
config.status:1247: creating tests/csv_rx-pm.pl
config.status:1247: creating tests/regression/server_root/conf/httpd.conf
config.status:1247: creating tools/rules-updater.pl
config.status:1247: creating tests/Makefile
config.status:1247: creating apache2/modsecurity_config_auto.h
config.status:1428: apache2/modsecurity_config_auto.h is unchanged
config.status:1476: executing depfiles commands
config.status:1476: executing libtool commands

## ---------------- ##
## Cache variables. ##
## ---------------- ##

ac_cv_build=x86_64-pc-linux-gnu
ac_cv_c_compiler_gnu=yes
ac_cv_c_const=yes
ac_cv_c_inline=inline
ac_cv_c_restrict=__restrict
ac_cv_c_uint8_t=yes
ac_cv_env_CC_set=
ac_cv_env_CC_value=
ac_cv_env_CFLAGS_set=
ac_cv_env_CFLAGS_value=
ac_cv_env_CPPFLAGS_set=
ac_cv_env_CPPFLAGS_value=
ac_cv_env_CPP_set=
ac_cv_env_CPP_value=
ac_cv_env_LDFLAGS_set=
ac_cv_env_LDFLAGS_value=
ac_cv_env_LIBS_set=
ac_cv_env_LIBS_value=
ac_cv_env_LT_SYS_LIBRARY_PATH_set=
ac_cv_env_LT_SYS_LIBRARY_PATH_value=
ac_cv_env_PKG_CONFIG_LIBDIR_set=
ac_cv_env_PKG_CONFIG_LIBDIR_value=
ac_cv_env_PKG_CONFIG_PATH_set=
ac_cv_env_PKG_CONFIG_PATH_value=
ac_cv_env_PKG_CONFIG_set=
ac_cv_env_PKG_CONFIG_value=
ac_cv_env_build_alias_set=
ac_cv_env_build_alias_value=
ac_cv_env_host_alias_set=
ac_cv_env_host_alias_value=
ac_cv_env_target_alias_set=
ac_cv_env_target_alias_value=
ac_cv_func_atexit=yes
ac_cv_func_dlopen=no
ac_cv_func_fchmod=yes
ac_cv_func_getcwd=yes
ac_cv_func_malloc_0_nonnull=yes
ac_cv_func_memcmp_working=yes
ac_cv_func_memmove=yes
ac_cv_func_memset=yes
ac_cv_func_shl_load=no
ac_cv_func_strcasecmp=yes
ac_cv_func_strcasestr=yes
ac_cv_func_strchr=yes
ac_cv_func_strdup=yes
ac_cv_func_strerror=yes
ac_cv_func_strncasecmp=yes
ac_cv_func_strrchr=yes
ac_cv_func_strstr=yes
ac_cv_func_strtol=yes
ac_cv_header_dlfcn_h=yes
ac_cv_header_fcntl_h=yes
ac_cv_header_inttypes_h=yes
ac_cv_header_limits_h=yes
ac_cv_header_memory_h=yes
ac_cv_header_stdc=yes
ac_cv_header_stdint_h=yes
ac_cv_header_stdlib_h=yes
ac_cv_header_string_h=yes
ac_cv_header_strings_h=yes
ac_cv_header_sys_stat_h=yes
ac_cv_header_sys_types_h=yes
ac_cv_header_sys_utsname_h=yes
ac_cv_header_unistd_h=yes
ac_cv_host=x86_64-pc-linux-gnu
ac_cv_lib_dl_dlopen=yes
ac_cv_lib_dld_shl_load=no
ac_cv_objext=o
ac_cv_path_EGREP='/bin/grep -E'
ac_cv_path_ENV_CMD=/usr/bin/env
ac_cv_path_FGREP='/bin/grep -F'
ac_cv_path_GREP=/bin/grep
ac_cv_path_PERL=/usr/bin/perl
ac_cv_path_SED=/bin/sed
ac_cv_path_ac_pt_PKG_CONFIG=/usr/bin/pkg-config
ac_cv_path_install='/usr/bin/install -c'
ac_cv_path_lt_DD=/bin/dd
ac_cv_path_mkdir=/bin/mkdir
ac_cv_prog_AWK=mawk
ac_cv_prog_CPP='gcc -E'
ac_cv_prog_ac_ct_AR=ar
ac_cv_prog_ac_ct_CC=gcc
ac_cv_prog_ac_ct_MANIFEST_TOOL=mt
ac_cv_prog_ac_ct_OBJDUMP=objdump
ac_cv_prog_ac_ct_RANLIB=ranlib
ac_cv_prog_ac_ct_STRIP=strip
ac_cv_prog_cc_c89=
ac_cv_prog_cc_g=yes
ac_cv_prog_make_make_set=yes
ac_cv_struct_tm=time.h
ac_cv_type_pid_t=yes
ac_cv_type_size_t=yes
am_cv_CC_dependencies_compiler_type=gcc3
am_cv_ar_interface=ar
am_cv_make_support_nested_variables=yes
am_cv_prog_cc_c_o=yes
lt_cv_ar_at_file=@
lt_cv_archive_cmds_need_lc=no
lt_cv_deplibs_check_method=pass_all
lt_cv_dlopen=dlopen
lt_cv_dlopen_libs=-ldl
lt_cv_dlopen_self=yes
lt_cv_dlopen_self_static=no
lt_cv_file_magic_cmd='$MAGIC_CMD'
lt_cv_file_magic_test_file=
lt_cv_ld_reload_flag=-r
lt_cv_nm_interface='BSD nm'
lt_cv_objdir=.libs
lt_cv_path_LD=/usr/bin/ld
lt_cv_path_NM='/usr/bin/nm -B'
lt_cv_path_mainfest_tool=no
lt_cv_prog_compiler_c_o=yes
lt_cv_prog_compiler_pic='-fPIC -DPIC'
lt_cv_prog_compiler_pic_works=yes
lt_cv_prog_compiler_rtti_exceptions=no
lt_cv_prog_compiler_static_works=yes
lt_cv_prog_gnu_ld=yes
lt_cv_sharedlib_from_linklib_cmd='printf %s\n'
lt_cv_shlibpath_overrides_runpath=yes
lt_cv_sys_global_symbol_pipe='sed -n -e '\''s/^.*[	 ]\([ABCDGIRSTW][ABCDGIRSTW]*\)[	 ][	 ]*\([_A-Za-z][_A-Za-z0-9]*\)$/\1 \2 \2/p'\'' | sed '\''/ __gnu_lto/d'\'''
lt_cv_sys_global_symbol_to_c_name_address='sed -n -e '\''s/^: \(.*\) .*$/  {"\1", (void *) 0},/p'\'' -e '\''s/^[ABCDGIRSTW][ABCDGIRSTW]* .* \(.*\)$/  {"\1", (void *) \&\1},/p'\'''
lt_cv_sys_global_symbol_to_c_name_address_lib_prefix='sed -n -e '\''s/^: \(.*\) .*$/  {"\1", (void *) 0},/p'\'' -e '\''s/^[ABCDGIRSTW][ABCDGIRSTW]* .* \(lib.*\)$/  {"\1", (void *) \&\1},/p'\'' -e '\''s/^[ABCDGIRSTW][ABCDGIRSTW]* .* \(.*\)$/  {"lib\1", (void *) \&\1},/p'\'''
lt_cv_sys_global_symbol_to_cdecl='sed -n -e '\''s/^T .* \(.*\)$/extern int \1();/p'\'' -e '\''s/^[ABCDGIRSTW][ABCDGIRSTW]* .* \(.*\)$/extern char \1;/p'\'''
lt_cv_sys_global_symbol_to_import=
lt_cv_sys_max_cmd_len=1572864
lt_cv_to_host_file_cmd=func_convert_file_noop
lt_cv_to_tool_file_cmd=func_convert_file_noop
lt_cv_truncate_bin='/bin/dd bs=4096 count=1'

## ----------------- ##
## Output variables. ##
## ----------------- ##

ACLOCAL='${SHELL} /usr/src/serverside/build/missing aclocal-1.15'
AIX_FALSE=''
AIX_TRUE='#'
AMDEPBACKSLASH='\'
AMDEP_FALSE='#'
AMDEP_TRUE=''
AMTAR='$${TAR-tar}'
AM_BACKSLASH='\'
AM_DEFAULT_V='$(AM_DEFAULT_VERBOSITY)'
AM_DEFAULT_VERBOSITY='1'
AM_V='$(V)'
APR_CFLAGS=' -I/usr/include/apr-1.0 '
APR_CONFIG='/usr/bin/apr-1-config'
APR_CPPFLAGS='  -DLINUX -D_REENTRANT -D_GNU_SOURCE'
APR_INCLUDEDIR='/usr/include/apr-1.0'
APR_LDADD=' /usr/lib/x86_64-linux-gnu/libapr-1.la'
APR_LDFLAGS=' '
APR_LINKLD=' -L/usr/lib/x86_64-linux-gnu -lapr-1'
APR_VERSION='1.5.2'
APU_CFLAGS=' -I/usr/include/apr-1.0 -I/usr/include'
APU_CONFIG='/usr/bin/apu-1-config'
APU_INCLUDEDIR='/usr/include/apr-1.0'
APU_LDADD=' /usr/lib/x86_64-linux-gnu/libaprutil-1.la'
APU_LDFLAGS='     '
APU_LINKLD=' -L/usr/lib/x86_64-linux-gnu -laprutil-1'
APU_VERSION='1.5.4'
APXS='/usr/bin/apxs2'
APXS_BINDIR='/usr/bin'
APXS_CC='x86_64-linux-gnu-gcc'
APXS_CFLAGS='-I/usr/include/apache2'
APXS_EXTRA_CFLAGS=' -Wc,-O2 -Wc,-g -Wc,-Wall'
APXS_HTTPD='/usr/sbin/apache2'
APXS_INCLUDEDIR='/usr/include/apache2'
APXS_INCLUDES='-I/usr/include/apache2  -I/usr/include/apache2 -I. -I/usr/include/apr-1.0 -I/usr/include'
APXS_LDFLAGS=''
APXS_LIBDIR='/usr/lib'
APXS_LIBEXECDIR='/usr/lib/apache2/modules'
APXS_LIBS='-L/usr/lib  '
APXS_LIBTOOL='/usr/share/apr-1.0/build/libtool --no-silent'
APXS_MODULES='/usr/lib/apache2/modules'
APXS_PROGNAME='apache2'
APXS_SBINDIR='/usr/sbin'
APXS_WRAPPER='build/apxs-wrapper'
AR='ar'
AUTOCONF='${SHELL} /usr/src/serverside/build/missing autoconf'
AUTOHEADER='${SHELL} /usr/src/serverside/build/missing autoheader'
AUTOMAKE='${SHELL} /usr/src/serverside/build/missing automake-1.15'
AWK='mawk'
BUILD_ALP2_FALSE=''
BUILD_ALP2_TRUE='#'
BUILD_APACHE2_MODULE_FALSE='#'
BUILD_APACHE2_MODULE_TRUE=''
BUILD_DOCS_FALSE=''
BUILD_DOCS_TRUE='#'
BUILD_MLOGC_FALSE=''
BUILD_MLOGC_TRUE='#'
BUILD_STANDALONE_MODULE_FALSE='#'
BUILD_STANDALONE_MODULE_TRUE=''
BUILD_extentions_FALSE=''
BUILD_extentions_TRUE='#'
CC='gcc'
CCDEPMODE='depmode=gcc3'
CFLAGS='-g -O2  -I/usr/include/apr-1.0 -I/usr/include'
CPP='gcc -E'
CPPFLAGS=''
CURL_CFLAGS=' -DWITH_CURL_SSLVERSION_TLSv1_2 -DWITH_CURL'
CURL_CONFIG='/usr/bin/curl-config'
CURL_CPPFLAGS=''
CURL_LDADD='-lcurl'
CURL_LDFLAGS=''
CURL_USES_GNUTLS='no'
CURL_VERSION='7.52.1'
CYGPATH_W='echo'
DEFS='-DHAVE_CONFIG_H'
DEPDIR='.deps'
DLLTOOL='false'
DOXYGEN=''
DSYMUTIL=''
DUMPBIN=''
ECHO_C=''
ECHO_N='-n'
ECHO_T=''
EGREP='/bin/grep -E'
ENV_CMD='/usr/bin/env'
EXEEXT=''
EXTRA_CFLAGS='-O2 -g -Wall '
FGREP='/bin/grep -F'
FREEBSD_FALSE=''
FREEBSD_TRUE='#'
GREP='/bin/grep'
HPUX_FALSE=''
HPUX_TRUE='#'
INSTALL_DATA='${INSTALL} -m 644'
INSTALL_PROGRAM='${INSTALL}'
INSTALL_SCRIPT='${INSTALL}'
INSTALL_STRIP_PROGRAM='$(install_sh) -c -s'
LD='/usr/bin/ld -m elf_x86_64'
LDFLAGS=''
LIBOBJS=''
LIBS=''
LIBTOOL='$(SHELL) $(top_builddir)/libtool'
LIBXML2_CFLAGS='-I/usr/include/libxml2'
LIBXML2_CONFIG='/usr/bin/xml2-config'
LIBXML2_CPPFLAGS=''
LIBXML2_LDADD='-lxml2'
LIBXML2_LDFLAGS=''
LIBXML2_VERSION='2.9.4'
LINUX390_FALSE=''
LINUX390_TRUE='#'
LINUX_FALSE='#'
LINUX_TRUE=''
LIPO=''
LN_S='ln -s'
LTLIBOBJS=''
LT_SYS_LIBRARY_PATH=''
LUA_CFLAGS=''
LUA_LDADD=''
LUA_LDFLAGS=''
MACOSX_FALSE=''
MACOSX_TRUE='#'
MAKEINFO='${SHELL} /usr/src/serverside/build/missing makeinfo'
MANIFEST_TOOL=':'
MKDIR_P='/bin/mkdir -p'
MODSEC_APXS_EXTRA_CFLAGS=' -Wc,-DWITH_PCRE_STUDY -Wc,-DMODSEC_PCRE_MATCH_LIMIT=1500 -Wc,-DMODSEC_PCRE_MATCH_LIMIT_RECURSION=1500 -Wc,-DREQUEST_EARLY'
MODSEC_EXTRA_CFLAGS='-DWITH_PCRE_STUDY -DMODSEC_PCRE_MATCH_LIMIT=1500 -DMODSEC_PCRE_MATCH_LIMIT_RECURSION=1500  -DREQUEST_EARLY                   -DWITH_APU_CRYPTO -DWITH_REMOTE_RULES'
MSC_BASE_DIR='/usr/src/serverside'
MSC_PKGBASE_DIR='/usr/src/serverside/..'
MSC_REGRESSION_CONF_DIR='/usr/src/serverside/tests/regression/server_root/conf'
MSC_REGRESSION_DIR='/usr/src/serverside/tests/regression'
MSC_REGRESSION_DOCROOT_DIR='/usr/src/serverside/tests/regression/server_root/htdocs'
MSC_REGRESSION_LOGS_DIR='/usr/src/serverside/tests/regression/server_root/logs'
MSC_REGRESSION_SERVERROOT_DIR='/usr/src/serverside/tests/regression/server_root'
MSC_TEST_DIR='/usr/src/serverside/tests'
NETBSD_FALSE=''
NETBSD_TRUE='#'
NM='/usr/bin/nm -B'
NMEDIT=''
OBJDUMP='objdump'
OBJEXT='o'
OPENBSD_FALSE=''
OPENBSD_TRUE='#'
OTOOL64=''
OTOOL=''
PACKAGE='modsecurity'
PACKAGE_BUGREPORT='support@modsecurity.org'
PACKAGE_NAME='modsecurity'
PACKAGE_STRING='modsecurity 2.9'
PACKAGE_TARNAME='modsecurity'
PACKAGE_URL=''
PACKAGE_VERSION='2.9'
PATH_SEPARATOR=':'
PCRE_CFLAGS=''
PCRE_CONFIG='/usr/bin/pcre-config'
PCRE_CPPFLAGS=''
PCRE_LDADD='-lpcre'
PCRE_LDFLAGS=''
PCRE_LD_PATH='/-lpcre'
PCRE_VERSION='8.39'
PERL='/usr/bin/perl'
PKG_CONFIG='/usr/bin/pkg-config'
PKG_CONFIG_LIBDIR=''
PKG_CONFIG_PATH=''
RANLIB='ranlib'
SED='/bin/sed'
SET_MAKE=''
SHELL='/bin/bash'
SOLARIS_FALSE=''
SOLARIS_TRUE='#'
SSDEEP_CFLAGS=''
SSDEEP_LDADD=''
SSDEEP_LDFLAGS=''
STRIP='strip'
TOPLEVEL_SUBDIRS='tools apache2 standalone'
VERSION='2.9'
YAJL_CFLAGS='-DWITH_YAJL -I/usr/local/include/yajl'
YAJL_LDADD='-lyajl'
YAJL_LDFLAGS='-L/usr/local/lib'
YAJL_LIBS='-lyajl'
ac_ct_AR='ar'
ac_ct_CC='gcc'
ac_ct_DUMPBIN=''
am__EXEEXT_FALSE=''
am__EXEEXT_TRUE='#'
am__fastdepCC_FALSE='#'
am__fastdepCC_TRUE=''
am__include='include'
am__isrc=''
am__leading_dot='.'
am__nodep='_no'
am__quote=''
am__tar='$${TAR-tar} chof - "$$tardir"'
am__untar='$${TAR-tar} xf -'
bindir='${exec_prefix}/bin'
build='x86_64-pc-linux-gnu'
build_alias=''
build_cpu='x86_64'
build_os='linux-gnu'
build_vendor='pc'
datadir='${datarootdir}'
datarootdir='${prefix}/share'
docdir='${datarootdir}/doc/${PACKAGE_TARNAME}'
dvidir='${docdir}'
exec_prefix='${prefix}'
host='x86_64-pc-linux-gnu'
host_alias=''
host_cpu='x86_64'
host_os='linux-gnu'
host_vendor='pc'
htmldir='${docdir}'
includedir='${prefix}/include'
infodir='${datarootdir}/info'
install_sh='${SHELL} /usr/src/serverside/build/install-sh'
libdir='${exec_prefix}/lib'
libexecdir='${exec_prefix}/libexec'
localedir='${datarootdir}/locale'
localstatedir='${prefix}/var'
mandir='${datarootdir}/man'
mkdir_p='$(MKDIR_P)'
oldincludedir='/usr/include'
pdfdir='${docdir}'
prefix='/usr/local/modsecurity'
program_transform_name='s,x,x,'
psdir='${docdir}'
runstatedir='${localstatedir}/run'
sbindir='${exec_prefix}/sbin'
sharedstatedir='${prefix}/com'
sysconfdir='${prefix}/etc'
target_alias=''

## ----------- ##
## confdefs.h. ##
## ----------- ##

/* confdefs.h */
#define PACKAGE_NAME "modsecurity"
#define PACKAGE_TARNAME "modsecurity"
#define PACKAGE_VERSION "2.9"
#define PACKAGE_STRING "modsecurity 2.9"
#define PACKAGE_BUGREPORT "support@modsecurity.org"
#define PACKAGE_URL ""
#define PACKAGE "modsecurity"
#define VERSION "2.9"
#define STDC_HEADERS 1
#define HAVE_SYS_TYPES_H 1
#define HAVE_SYS_STAT_H 1
#define HAVE_STDLIB_H 1
#define HAVE_STRING_H 1
#define HAVE_MEMORY_H 1
#define HAVE_STRINGS_H 1
#define HAVE_INTTYPES_H 1
#define HAVE_STDINT_H 1
#define HAVE_UNISTD_H 1
#define HAVE_DLFCN_H 1
#define LT_OBJDIR ".libs/"
#define STDC_HEADERS 1
#define HAVE_FCNTL_H 1
#define HAVE_LIMITS_H 1
#define HAVE_STDLIB_H 1
#define HAVE_STRING_H 1
#define HAVE_UNISTD_H 1
#define HAVE_SYS_TYPES_H 1
#define HAVE_SYS_STAT_H 1
#define HAVE_SYS_UTSNAME_H 1
#define restrict __restrict
#define HAVE_STDLIB_H 1
#define HAVE_MALLOC 1
#define HAVE_ATEXIT 1
#define HAVE_GETCWD 1
#define HAVE_MEMMOVE 1
#define HAVE_MEMSET 1
#define HAVE_STRCASECMP 1
#define HAVE_STRCHR 1
#define HAVE_STRDUP 1
#define HAVE_STRERROR 1
#define HAVE_STRNCASECMP 1
#define HAVE_STRRCHR 1
#define HAVE_STRSTR 1
#define HAVE_STRTOL 1
#define HAVE_FCHMOD 1
#define HAVE_STRCASESTR 1
#define WITH_APU_CRYPTO 1
#define WITH_REMOTE_RULES 1

configure: exit 0

## ---------------------- ##
## Running config.status. ##
## ---------------------- ##

This file was extended by modsecurity config.status 2.9, which was
generated by GNU Autoconf 2.69.  Invocation command line was

  CONFIG_FILES    = 
  CONFIG_HEADERS  = 
  CONFIG_LINKS    = 
  CONFIG_COMMANDS = 
  $ ./config.status apache2/modsecurity_config_auto.h

on lytuan

config.status:1247: creating apache2/modsecurity_config_auto.h
config.status:1428: apache2/modsecurity_config_auto.h is unchanged
